<?xml version="1.0" encoding="UTF-8"?>
<testsuites>
  <testsuite name="" tests="5" assertions="4" errors="2" warnings="0" failures="0" skipped="0" time="0.902735">
    <testsuite name="App" tests="5" assertions="4" errors="2" warnings="0" failures="0" skipped="0" time="0.902735">
      <testsuite name="ExampleDatabaseTest" file="C:\xampp\htdocs\project-root\tests\database\ExampleDatabaseTest.php" tests="2" assertions="0" errors="2" warnings="0" failures="0" skipped="0" time="0.864971">
        <testcase name="testModelFindAll" class="ExampleDatabaseTest" classname="ExampleDatabaseTest" file="C:\xampp\htdocs\project-root\tests\database\ExampleDatabaseTest.php" line="17" assertions="0" time="0.863856">
          <error type="CodeIgniter\Database\Exceptions\DatabaseException">ExampleDatabaseTest::testModelFindAll
CodeIgniter\Database\Exceptions\DatabaseException: Unable to connect to the database.&#13;
Main connection [SQLite3]: Class 'SQLite3' not found

C:\xampp\htdocs\project-root\vendor\codeigniter4\framework\system\Database\BaseConnection.php:428
C:\xampp\htdocs\project-root\vendor\codeigniter4\framework\system\Database\SQLite3\Connection.php:59
C:\xampp\htdocs\project-root\vendor\codeigniter4\framework\system\Test\DatabaseTestTrait.php:80
C:\xampp\htdocs\project-root\vendor\codeigniter4\framework\system\Test\DatabaseTestTrait.php:56
C:\xampp\htdocs\project-root\vendor\codeigniter4\framework\system\Test\CIUnitTestCase.php:249
phpvfscomposer://C:\xampp\htdocs\project-root\vendor\phpunit\phpunit\phpunit:106</error>
        </testcase>
        <testcase name="testSoftDeleteLeavesRow" class="ExampleDatabaseTest" classname="ExampleDatabaseTest" file="C:\xampp\htdocs\project-root\tests\database\ExampleDatabaseTest.php" line="28" assertions="0" time="0.001115">
          <error type="CodeIgniter\Database\Exceptions\DatabaseException">ExampleDatabaseTest::testSoftDeleteLeavesRow
CodeIgniter\Database\Exceptions\DatabaseException: Unable to connect to the database.&#13;
Main connection [SQLite3]: Class 'SQLite3' not found

C:\xampp\htdocs\project-root\vendor\codeigniter4\framework\system\Database\BaseConnection.php:428
C:\xampp\htdocs\project-root\vendor\codeigniter4\framework\system\Database\SQLite3\Connection.php:59
C:\xampp\htdocs\project-root\vendor\codeigniter4\framework\system\Test\DatabaseTestTrait.php:80
C:\xampp\htdocs\project-root\vendor\codeigniter4\framework\system\Test\DatabaseTestTrait.php:56
C:\xampp\htdocs\project-root\vendor\codeigniter4\framework\system\Test\CIUnitTestCase.php:249
phpvfscomposer://C:\xampp\htdocs\project-root\vendor\phpunit\phpunit\phpunit:106</error>
        </testcase>
      </testsuite>
      <testsuite name="ExampleSessionTest" file="C:\xampp\htdocs\project-root\tests\session\ExampleSessionTest.php" tests="1" assertions="1" errors="0" warnings="0" failures="0" skipped="0" time="0.001331">
        <testcase name="testSessionSimple" class="ExampleSessionTest" classname="ExampleSessionTest" file="C:\xampp\htdocs\project-root\tests\session\ExampleSessionTest.php" line="11" assertions="1" time="0.001331"/>
      </testsuite>
      <testsuite name="HealthTest" file="C:\xampp\htdocs\project-root\tests\unit\HealthTest.php" tests="2" assertions="3" errors="0" warnings="0" failures="0" skipped="0" time="0.036434">
        <testcase name="testIsDefinedAppPath" class="HealthTest" classname="HealthTest" file="C:\xampp\htdocs\project-root\tests\unit\HealthTest.php" line="13" assertions="1" time="0.000922"/>
        <testcase name="testBaseUrlHasBeenSet" class="HealthTest" classname="HealthTest" file="C:\xampp\htdocs\project-root\tests\unit\HealthTest.php" line="18" assertions="2" time="0.035511"/>
      </testsuite>
    </testsuite>
  </testsuite>
</testsuites>
